<?xml version="1.0" encoding="UTF-8"?>
<!-- Generated by org.testng.reporters.JUnitReportReporter -->
<testsuite skipped="0" hostname="DESKTOP-FA7JRFH" name="io.zahid.selenium.tutorial.site.toolsqa.tests.PracticeFormTest" tests="7" failures="0" timestamp="2019-10-16T17:46:15 EDT" time="7.110" errors="0">
  <testcase name="testPartialLinkTestLink" time="1.084" classname="io.zahid.selenium.tutorial.site.toolsqa.tests.PracticeFormTest"/>
  <testcase name="testLinkTestLink" time="2.425" classname="io.zahid.selenium.tutorial.site.toolsqa.tests.PracticeFormTest"/>
  <testcase name="testFirstNameInput" time="1.077" classname="io.zahid.selenium.tutorial.site.toolsqa.tests.PracticeFormTest"/>
  <testcase name="testSexRadioButtons" time="1.638" classname="io.zahid.selenium.tutorial.site.toolsqa.tests.PracticeFormTest"/>
  <testcase name="testYearsOfExperienceRadioButtons" time="0.614" classname="io.zahid.selenium.tutorial.site.toolsqa.tests.PracticeFormTest"/>
  <testcase name="testDateInputs" time="0.115" classname="io.zahid.selenium.tutorial.site.toolsqa.tests.PracticeFormTest"/>
  <testcase name="testProfessionCheckbox" time="0.157" classname="io.zahid.selenium.tutorial.site.toolsqa.tests.PracticeFormTest"/>
</testsuite> <!-- io.zahid.selenium.tutorial.site.toolsqa.tests.PracticeFormTest -->
